Using pre-set license
Built from '2021.3/staging' branch; Version is '2021.3.6f1 (7da38d85baf6) revision 8233869'; Using compiler version '192829333'; Build Type 'Release'
OS: 'Windows 10  (10.0.19044) 64bit Professional' Language: 'tr' Physical Memory: 8074 MB
BatchMode: 1, IsHumanControllingUs: 0, StartBugReporterOnCrash: 0, Is64bit: 1, IsPro: 1

COMMAND LINE ARGUMENTS:
C:\Program Files\Unity\Hub\Editor\2021.3.6f1\Editor\Unity.exe
-adb2
-batchMode
-noUpm
-name
AssetImportWorker0
-projectPath
C:/Users/HorseMan/Desktop/Unity Projelerim/CartRacing/CartRacing
-logFile
Logs/AssetImportWorker0.log
-srvPort
61561
Successfully changed project path to: C:/Users/HorseMan/Desktop/Unity Projelerim/CartRacing/CartRacing
C:/Users/HorseMan/Desktop/Unity Projelerim/CartRacing/CartRacing
[UnityMemory] Configuration Parameters - Can be set up in boot.config
    "memorysetup-bucket-allocator-granularity=16"
    "memorysetup-bucket-allocator-bucket-count=8"
    "memorysetup-bucket-allocator-block-size=33554432"
    "memorysetup-bucket-allocator-block-count=8"
    "memorysetup-main-allocator-block-size=16777216"
    "memorysetup-thread-allocator-block-size=16777216"
    "memorysetup-gfx-main-allocator-block-size=16777216"
    "memorysetup-gfx-thread-allocator-block-size=16777216"
    "memorysetup-cache-allocator-block-size=4194304"
    "memorysetup-typetree-allocator-block-size=2097152"
    "memorysetup-profiler-bucket-allocator-granularity=16"
    "memorysetup-profiler-bucket-allocator-bucket-count=8"
    "memorysetup-profiler-bucket-allocator-block-size=33554432"
    "memorysetup-profiler-bucket-allocator-block-count=8"
    "memorysetup-profiler-allocator-block-size=16777216"
    "memorysetup-profiler-editor-allocator-block-size=1048576"
    "memorysetup-temp-allocator-size-main=16777216"
    "memorysetup-job-temp-allocator-block-size=2097152"
    "memorysetup-job-temp-allocator-block-size-background=1048576"
    "memorysetup-job-temp-allocator-reduction-small-platforms=262144"
    "memorysetup-temp-allocator-size-background-worker=32768"
    "memorysetup-temp-allocator-size-job-worker=262144"
    "memorysetup-temp-allocator-size-preload-manager=33554432"
    "memorysetup-temp-allocator-size-nav-mesh-worker=65536"
    "memorysetup-temp-allocator-size-audio-worker=65536"
    "memorysetup-temp-allocator-size-cloud-worker=32768"
    "memorysetup-temp-allocator-size-gi-baking-worker=262144"
    "memorysetup-temp-allocator-size-gfx=262144"
Refreshing native plugins compatible for Editor in 159.44 ms, found 3 plugins.
Preloading 0 native plugins for Editor in 0.00 ms.
Initialize engine version: 2021.3.6f1 (7da38d85baf6)
[Subsystems] Discovering subsystems at path C:/Program Files/Unity/Hub/Editor/2021.3.6f1/Editor/Data/Resources/UnitySubsystems
[Subsystems] Discovering subsystems at path C:/Users/HorseMan/Desktop/Unity Projelerim/CartRacing/CartRacing/Assets
GfxDevice: creating device client; threaded=0; jobified=0
Direct3D:
    Version:  Direct3D 11.0 [level 11.0]
    Renderer: NVIDIA GeForce 930MX (ID=0x134e)
    Vendor:   NVIDIA
    VRAM:     2010 MB
    Driver:   30.0.15.1179
Initialize mono
Mono path[0] = 'C:/Program Files/Unity/Hub/Editor/2021.3.6f1/Editor/Data/Managed'
Mono path[1] = 'C:/Program Files/Unity/Hub/Editor/2021.3.6f1/Editor/Data/MonoBleedingEdge/lib/mono/unityjit-win32'
Mono config path = 'C:/Program Files/Unity/Hub/Editor/2021.3.6f1/Editor/Data/MonoBleedingEdge/etc'
Using monoOptions --debugger-agent=transport=dt_socket,embedding=1,server=y,suspend=n,address=127.0.0.1:56532
Begin MonoManager ReloadAssembly
Registering precompiled unity dll's ...
Register platform support module: C:/Program Files/Unity/Hub/Editor/2021.3.6f1/Editor/Data/PlaybackEngines/AndroidPlayer/UnityEditor.Android.Extensions.dll
Register platform support module: C:/Program Files/Unity/Hub/Editor/2021.3.6f1/Editor/Data/PlaybackEngines/WindowsStandaloneSupport/UnityEditor.WindowsStandalone.Extensions.dll
Registered in 0.007320 seconds.
Native extension for WindowsStandalone target not found
Native extension for Android target not found
Refreshing native plugins compatible for Editor in 163.23 ms, found 3 plugins.
Preloading 0 native plugins for Editor in 0.00 ms.
Mono: successfully reloaded assembly
- Completed reload, in  1.246 seconds
Domain Reload Profiling:
	ReloadAssembly (1247ms)
		BeginReloadAssembly (153ms)
			ExecutionOrderSort (0ms)
			DisableScriptedObjects (0ms)
			BackupInstance (0ms)
			ReleaseScriptingObjects (0ms)
			CreateAndSetChildDomain (2ms)
		EndReloadAssembly (933ms)
			LoadAssemblies (148ms)
			RebuildTransferFunctionScriptingTraits (0ms)
			SetupTypeCache (165ms)
			ReleaseScriptCaches (0ms)
			RebuildScriptCaches (63ms)
			SetupLoadedEditorAssemblies (604ms)
				LogAssemblyErrors (0ms)
				InitializePlatformSupportModulesInManaged (130ms)
				SetLoadedEditorAssemblies (0ms)
				RefreshPlugins (164ms)
				BeforeProcessingInitializeOnLoad (2ms)
				ProcessInitializeOnLoadAttributes (218ms)
				ProcessInitializeOnLoadMethodAttributes (90ms)
				AfterProcessingInitializeOnLoad (0ms)
				EditorAssembliesLoaded (0ms)
			ExecutionOrderSort2 (0ms)
			AwakeInstancesAfterBackupRestoration (0ms)
Platform modules already initialized, skipping
Registering precompiled user dll's ...
Registered in 0.020725 seconds.
Begin MonoManager ReloadAssembly
Symbol file LoadedFromMemory doesn't match image C:\Users\HorseMan\Desktop\Unity Projelerim\CartRacing\CartRacing\Library\PackageCache\com.unity.visualscripting@1.7.8\Editor\VisualScripting.Core\Dependencies\YamlDotNet\Unity.VisualScripting.YamlDotNet.dll
Symbol file LoadedFromMemory doesn't match image C:\Users\HorseMan\Desktop\Unity Projelerim\CartRacing\CartRacing\Library\PackageCache\com.unity.visualscripting@1.7.8\Editor\VisualScripting.Core\Dependencies\DotNetZip\Unity.VisualScripting.IonicZip.dll
Native extension for WindowsStandalone target not found
Native extension for Android target not found
Refreshing native plugins compatible for Editor in 0.81 ms, found 3 plugins.
Preloading 0 native plugins for Editor in 0.00 ms.
Mono: successfully reloaded assembly
- Completed reload, in  1.778 seconds
Domain Reload Profiling:
	ReloadAssembly (1779ms)
		BeginReloadAssembly (309ms)
			ExecutionOrderSort (0ms)
			DisableScriptedObjects (11ms)
			BackupInstance (0ms)
			ReleaseScriptingObjects (0ms)
			CreateAndSetChildDomain (148ms)
		EndReloadAssembly (1280ms)
			LoadAssemblies (135ms)
			RebuildTransferFunctionScriptingTraits (0ms)
			SetupTypeCache (414ms)
			ReleaseScriptCaches (1ms)
			RebuildScriptCaches (89ms)
			SetupLoadedEditorAssemblies (596ms)
				LogAssemblyErrors (0ms)
				InitializePlatformSupportModulesInManaged (20ms)
				SetLoadedEditorAssemblies (1ms)
				RefreshPlugins (1ms)
				BeforeProcessingInitializeOnLoad (134ms)
				ProcessInitializeOnLoadAttributes (392ms)
				ProcessInitializeOnLoadMethodAttributes (38ms)
				AfterProcessingInitializeOnLoad (10ms)
				EditorAssembliesLoaded (0ms)
			ExecutionOrderSort2 (0ms)
			AwakeInstancesAfterBackupRestoration (9ms)
Platform modules already initialized, skipping
========================================================================
Worker process is ready to serve import requests
Launched and connected shader compiler UnityShaderCompiler.exe after 0.07 seconds
Refreshing native plugins compatible for Editor in 0.85 ms, found 3 plugins.
Preloading 0 native plugins for Editor in 0.00 ms.
Unloading 3554 Unused Serialized files (Serialized files now loaded: 0)
Unloading 41 unused Assets / (182.2 KB). Loaded Objects now: 4015.
Memory consumption went from 197.5 MB to 197.3 MB.
Total: 6.256400 ms (FindLiveObjects: 0.333100 ms CreateObjectMapping: 0.289200 ms MarkObjects: 5.392000 ms  DeleteObjects: 0.240500 ms)

AssetImportParameters requested are different than current active one (requested -> active):
  custom:video-decoder-ogg-theora: a1e56fd34408186e4bbccfd4996cb3dc -> 
  custom:container-muxer-webm: aa71ff27fc2769a1b78a27578f13a17b -> 
  custom:container-demuxer-webm: 4f35f7cbe854078d1ac9338744f61a02 -> 
  custom:video-encoder-webm-vp8: eb34c28f22e8b96e1ab97ce403110664 -> 
  custom:audio-encoder-webm-vorbis: bf7c407c2cedff20999df2af8eb42d56 -> 
  custom:framework-win-MediaFoundation: 216162199b28c13a410421893ffa2e32 -> 
  custom:container-demuxer-ogg: 62fdf1f143b41e24485cea50d1cbac27 -> 
  custom:video-decoder-webm-vp8: 9c59270c3fd7afecdb556c50c9e8de78 -> 
  custom:audio-decoder-ogg-vorbis: bf7c407c2cedff20999df2af8eb42d56 -> 
========================================================================
Received Import Request.
  Time since last request: 2757.048912 seconds.
  path: Assets/HUD/New Render Texture.renderTexture
  artifactKey: Guid(67352d2989667e54a82b58443a1504e0) Importer(815301076,1909f56bfc062723c751e8b465ee728b)
Start importing Assets/HUD/New Render Texture.renderTexture using Guid(67352d2989667e54a82b58443a1504e0) Importer(815301076,1909f56bfc062723c751e8b465ee728b)  -> (artifact id: '5f5a5017962d766ae74c338764352799') in 0.126565 seconds 
========================================================================
Received Import Request.
  Time since last request: 0.351368 seconds.
  path: Assets/HUD/MapTex.renderTexture
  artifactKey: Guid(67352d2989667e54a82b58443a1504e0) Importer(815301076,1909f56bfc062723c751e8b465ee728b)
Start importing Assets/HUD/MapTex.renderTexture using Guid(67352d2989667e54a82b58443a1504e0) Importer(815301076,1909f56bfc062723c751e8b465ee728b)  -> (artifact id: '2f7dfd8b97fea7c08c169ee23d5730bb') in 0.029955 seconds 
========================================================================
Received Import Request.
  Time since last request: 373.964639 seconds.
  path: ProjectSettings/TagManager.asset
  artifactKey: Guid(00000000000000003000000000000000) Importer(815301076,1909f56bfc062723c751e8b465ee728b)
Start importing ProjectSettings/TagManager.asset using Guid(00000000000000003000000000000000) Importer(815301076,1909f56bfc062723c751e8b465ee728b)  -> (artifact id: '6cc90c75021151e47464f2b783fa9018') in 0.014436 seconds 
========================================================================
Received Import Request.
  Time since last request: 160.102184 seconds.
  path: Assets/HUD/greenArrow.png
  artifactKey: Guid(2dd4f74b435b7224eb485bb6671d33c9) Importer(815301076,1909f56bfc062723c751e8b465ee728b)
Start importing Assets/HUD/greenArrow.png using Guid(2dd4f74b435b7224eb485bb6671d33c9) Importer(815301076,1909f56bfc062723c751e8b465ee728b)  -> (artifact id: 'fc6de8544fa6045ac004ed71f57daeb3') in 0.112235 seconds 
========================================================================
Received Import Request.
  Time since last request: 0.000037 seconds.
  path: Assets/HUD/yellowArrow.png
  artifactKey: Guid(3f3d531c2858bab4d85c0cd2268249e6) Importer(815301076,1909f56bfc062723c751e8b465ee728b)
Start importing Assets/HUD/yellowArrow.png using Guid(3f3d531c2858bab4d85c0cd2268249e6) Importer(815301076,1909f56bfc062723c751e8b465ee728b)  -> (artifact id: '53f171e7472835466c0c03e13ce5e29f') in 0.019252 seconds 
========================================================================
Received Import Request.
  Time since last request: 54.785494 seconds.
  path: Assets/HUD/purpleArrow.png
  artifactKey: Guid(ba71974d3ba025443bfed31c74f26073) Importer(815301076,1909f56bfc062723c751e8b465ee728b)
Start importing Assets/HUD/purpleArrow.png using Guid(ba71974d3ba025443bfed31c74f26073) Importer(815301076,1909f56bfc062723c751e8b465ee728b)  -> (artifact id: 'f8bf5371db93d91f547d9846c0dc589b') in 0.023142 seconds 
========================================================================
Received Import Request.
  Time since last request: 0.026123 seconds.
  path: Assets/HUD/greenArrow.png
  artifactKey: Guid(2dd4f74b435b7224eb485bb6671d33c9) Importer(815301076,1909f56bfc062723c751e8b465ee728b)
Start importing Assets/HUD/greenArrow.png using Guid(2dd4f74b435b7224eb485bb6671d33c9) Importer(815301076,1909f56bfc062723c751e8b465ee728b)  -> (artifact id: 'a94b84566c2228fc12270773648397c9') in 0.073817 seconds 
========================================================================
Received Import Request.
  Time since last request: 0.000191 seconds.
  path: Assets/HUD/yellowArrow.png
  artifactKey: Guid(3f3d531c2858bab4d85c0cd2268249e6) Importer(815301076,1909f56bfc062723c751e8b465ee728b)
Start importing Assets/HUD/yellowArrow.png using Guid(3f3d531c2858bab4d85c0cd2268249e6) Importer(815301076,1909f56bfc062723c751e8b465ee728b)  -> (artifact id: 'a6d18bf9d01d3fdb5390e736a32855d2') in 0.018663 seconds 
